# JRE version: OpenJDK Runtime Environment OpenLogic-OpenJDK (17.0.12+7) (build 17.0.12+7-adhoc..jdk17u)
# Java VM: OpenJDK 64-Bit Server VM OpenLogic-OpenJDK (17.0.12+7-adhoc..jdk17u, mixed mode, sharing, tiered, compressed oops, compressed class ptrs, g1 gc, windows-amd64)
GC Precious Log:
 CPUs: 12 total, 12 available
 Memory: 16091M
 Large Page Support: Disabled
 NUMA Support: Disabled
 Compressed Oops: Enabled (32-bit)
 Heap Region Size: 1M
 Heap Min Capacity: 100M
 Heap Initial Capacity: 100M
 Heap Max Capacity: 2G
 Pre-touch: Disabled
 Parallel Workers: 10
 Concurrent Workers: 3
 Concurrent Refinement Workers: 10
 Periodic GC: Disabled
Heap:
 garbage-first heap   total 358400K, used 224251K [0x0000000080000000, 0x0000000100000000)
  region size 1024K, 41 young (41984K), 2 survivors (2048K)
 Metaspace       used 120726K, committed 121472K, reserved 1179648K
  class space    used 15317K, committed 15680K, reserved 1048576K
GC Heap History (20 events):
Event: 142.592 GC heap before
{Heap before GC invocations=57 (full 0):
 garbage-first heap   total 352256K, used 275050K [0x0000000080000000, 0x0000000100000000)
  region size 1024K, 82 young (83968K), 2 survivors (2048K)
 Metaspace       used 117411K, committed 118208K, reserved 1179648K
  class space    used 15099K, committed 15424K, reserved 1048576K
}
Event: 142.595 GC heap after
{Heap after GC invocations=58 (full 0):
 garbage-first heap   total 352256K, used 194979K [0x0000000080000000, 0x0000000100000000)
  region size 1024K, 4 young (4096K), 4 survivors (4096K)
 Metaspace       used 117411K, committed 118208K, reserved 1179648K
  class space    used 15099K, committed 15424K, reserved 1048576K
}
Event: 150.988 GC heap before
{Heap before GC invocations=59 (full 0):
 garbage-first heap   total 352256K, used 278947K [0x0000000080000000, 0x0000000100000000)
  region size 1024K, 87 young (89088K), 4 survivors (4096K)
 Metaspace       used 117841K, committed 118656K, reserved 1179648K
  class space    used 15106K, committed 15488K, reserved 1048576K
}
Event: 150.990 GC heap after
{Heap after GC invocations=60 (full 0):
 garbage-first heap   total 352256K, used 192591K [0x0000000080000000, 0x0000000100000000)
  region size 1024K, 3 young (3072K), 3 survivors (3072K)
 Metaspace       used 117841K, committed 118656K, reserved 1179648K
  class space    used 15106K, committed 15488K, reserved 1048576K
}
Event: 155.179 GC heap before
{Heap before GC invocations=60 (full 0):
 garbage-first heap   total 352256K, used 206927K [0x0000000080000000, 0x0000000100000000)
  region size 1024K, 17 young (17408K), 3 survivors (3072K)
 Metaspace       used 117899K, committed 118720K, reserved 1179648K
  class space    used 15106K, committed 15488K, reserved 1048576K
}
Event: 155.185 GC heap after
{Heap after GC invocations=61 (full 0):
 garbage-first heap   total 352256K, used 188733K [0x0000000080000000, 0x0000000100000000)
  region size 1024K, 1 young (1024K), 1 survivors (1024K)
 Metaspace       used 117899K, committed 118720K, reserved 1179648K
  class space    used 15106K, committed 15488K, reserved 1048576K
}
Event: 165.874 GC heap before
{Heap before GC invocations=61 (full 0):
 garbage-first heap   total 352256K, used 274749K [0x0000000080000000, 0x0000000100000000)
  region size 1024K, 86 young (88064K), 1 survivors (1024K)
 Metaspace       used 119114K, committed 119872K, reserved 1179648K
  class space    used 15205K, committed 15552K, reserved 1048576K
}
Event: 165.876 GC heap after
{Heap after GC invocations=62 (full 0):
 garbage-first heap   total 352256K, used 189189K [0x0000000080000000, 0x0000000100000000)
  region size 1024K, 2 young (2048K), 2 survivors (2048K)
 Metaspace       used 119114K, committed 119872K, reserved 1179648K
  class space    used 15205K, committed 15552K, reserved 1048576K
}
Event: 2213.729 GC heap before
{Heap before GC invocations=63 (full 0):
 garbage-first heap   total 352256K, used 290565K [0x0000000080000000, 0x0000000100000000)
  region size 1024K, 99 young (101376K), 2 survivors (2048K)
 Metaspace       used 120054K, committed 120896K, reserved 1179648K
  class space    used 15297K, committed 15680K, reserved 1048576K
}
Event: 2213.742 GC heap after
{Heap after GC invocations=64 (full 0):
 garbage-first heap   total 352256K, used 191643K [0x0000000080000000, 0x0000000100000000)
  region size 1024K, 2 young (2048K), 2 survivors (2048K)
 Metaspace       used 120054K, committed 120896K, reserved 1179648K
  class space    used 15297K, committed 15680K, reserved 1048576K
}
Event: 2223.908 GC heap before
{Heap before GC invocations=64 (full 0):
 garbage-first heap   total 352256K, used 207003K [0x0000000080000000, 0x0000000100000000)
  region size 1024K, 17 young (17408K), 2 survivors (2048K)
 Metaspace       used 120190K, committed 121024K, reserved 1179648K
  class space    used 15319K, committed 15680K, reserved 1048576K
}
Event: 2223.927 GC heap after
{Heap after GC invocations=65 (full 0):
 garbage-first heap   total 352256K, used 190491K [0x0000000080000000, 0x0000000100000000)
  region size 1024K, 2 young (2048K), 2 survivors (2048K)
 Metaspace       used 120190K, committed 121024K, reserved 1179648K
  class space    used 15319K, committed 15680K, reserved 1048576K
}
Event: 2223.942 GC heap before
{Heap before GC invocations=65 (full 0):
 garbage-first heap   total 352256K, used 190491K [0x0000000080000000, 0x0000000100000000)
  region size 1024K, 3 young (3072K), 2 survivors (2048K)
 Metaspace       used 120192K, committed 121024K, reserved 1179648K
  class space    used 15319K, committed 15680K, reserved 1048576K
}
Event: 2223.947 GC heap after
{Heap after GC invocations=66 (full 0):
 garbage-first heap   total 352256K, used 190515K [0x0000000080000000, 0x0000000100000000)
  region size 1024K, 2 young (2048K), 2 survivors (2048K)
 Metaspace       used 120192K, committed 121024K, reserved 1179648K
  class space    used 15319K, committed 15680K, reserved 1048576K
}
Event: 2225.262 GC heap before
{Heap before GC invocations=67 (full 0):
 garbage-first heap   total 352256K, used 266291K [0x0000000080000000, 0x0000000100000000)
  region size 1024K, 82 young (83968K), 2 survivors (2048K)
 Metaspace       used 120336K, committed 121088K, reserved 1179648K
  class space    used 15317K, committed 15680K, reserved 1048576K
}
Event: 2225.265 GC heap after
{Heap after GC invocations=68 (full 0):
 garbage-first heap   total 352256K, used 188014K [0x0000000080000000, 0x0000000100000000)
  region size 1024K, 4 young (4096K), 4 survivors (4096K)
 Metaspace       used 120336K, committed 121088K, reserved 1179648K
  class space    used 15317K, committed 15680K, reserved 1048576K
}
Event: 2225.310 GC heap before
{Heap before GC invocations=68 (full 0):
 garbage-first heap   total 352256K, used 201326K [0x0000000080000000, 0x0000000100000000)
  region size 1024K, 17 young (17408K), 4 survivors (4096K)
 Metaspace       used 120408K, committed 121152K, reserved 1179648K
  class space    used 15317K, committed 15680K, reserved 1048576K
}
Event: 2225.320 GC heap after
{Heap after GC invocations=69 (full 0):
 garbage-first heap   total 352256K, used 186383K [0x0000000080000000, 0x0000000100000000)
  region size 1024K, 2 young (2048K), 2 survivors (2048K)
 Metaspace       used 120408K, committed 121152K, reserved 1179648K
  class space    used 15317K, committed 15680K, reserved 1048576K
}
Event: 2225.523 GC heap before
{Heap before GC invocations=69 (full 0):
 garbage-first heap   total 352256K, used 275471K [0x0000000080000000, 0x0000000100000000)
  region size 1024K, 90 young (92160K), 2 survivors (2048K)
 Metaspace       used 120591K, committed 121344K, reserved 1179648K
  class space    used 15317K, committed 15680K, reserved 1048576K
}
Event: 2225.524 GC heap after
{Heap after GC invocations=70 (full 0):
 garbage-first heap   total 352256K, used 186363K [0x0000000080000000, 0x0000000100000000)
  region size 1024K, 2 young (2048K), 2 survivors (2048K)
 Metaspace       used 120591K, committed 121344K, reserved 1179648K
  class space    used 15317K, committed 15680K, reserved 1048576K
}

